Determining if the pthread_create exist failed with the following output:
Change Dir: /home/chen/Git_repositories/pprbf/src/self_made_innerproduct/build/CMakeFiles/CMakeTmp

Run Build Command:"/usr/bin/make" "cmTC_6c59c/fast"
/usr/bin/make -f CMakeFiles/cmTC_6c59c.dir/build.make CMakeFiles/cmTC_6c59c.dir/build
make[1]: Entering directory '/home/chen/Git_repositories/pprbf/src/self_made_innerproduct/build/CMakeFiles/CMakeTmp'
Building CXX object CMakeFiles/cmTC_6c59c.dir/CheckSymbolExists.cxx.o
/usr/bin/c++     -o CMakeFiles/cmTC_6c59c.dir/CheckSymbolExists.cxx.o -c /home/chen/Git_repositories/pprbf/src/self_made_innerproduct/build/CMakeFiles/CMakeTmp/CheckSymbolExists.cxx
Linking CXX executable cmTC_6c59c
/usr/bin/cmake -E cmake_link_script CMakeFiles/cmTC_6c59c.dir/link.txt --verbose=1
/usr/bin/c++       CMakeFiles/cmTC_6c59c.dir/CheckSymbolExists.cxx.o  -o cmTC_6c59c 
/usr/bin/ld: CMakeFiles/cmTC_6c59c.dir/CheckSymbolExists.cxx.o: in function `main':
CheckSymbolExists.cxx:(.text+0x1b): undefined reference to `pthread_create'
collect2: error: ld returned 1 exit status
make[1]: *** [CMakeFiles/cmTC_6c59c.dir/build.make:87: cmTC_6c59c] Error 1
make[1]: Leaving directory '/home/chen/Git_repositories/pprbf/src/self_made_innerproduct/build/CMakeFiles/CMakeTmp'
make: *** [Makefile:121: cmTC_6c59c/fast] Error 2

File /home/chen/Git_repositories/pprbf/src/self_made_innerproduct/build/CMakeFiles/CMakeTmp/CheckSymbolExists.cxx:
/* */
#include <pthread.h>

int main(int argc, char** argv)
{
  (void)argv;
#ifndef pthread_create
  return ((int*)(&pthread_create))[argc];
#else
  (void)argc;
  return 0;
#endif
}

Determining if the function pthread_create exists in the pthreads failed with the following output:
Change Dir: /home/chen/Git_repositories/pprbf/src/self_made_innerproduct/build/CMakeFiles/CMakeTmp

Run Build Command:"/usr/bin/make" "cmTC_45dcb/fast"
/usr/bin/make -f CMakeFiles/cmTC_45dcb.dir/build.make CMakeFiles/cmTC_45dcb.dir/build
make[1]: Entering directory '/home/chen/Git_repositories/pprbf/src/self_made_innerproduct/build/CMakeFiles/CMakeTmp'
Building CXX object CMakeFiles/cmTC_45dcb.dir/CheckFunctionExists.cxx.o
/usr/bin/c++    -DCHECK_FUNCTION_EXISTS=pthread_create   -o CMakeFiles/cmTC_45dcb.dir/CheckFunctionExists.cxx.o -c /home/chen/Git_repositories/pprbf/src/self_made_innerproduct/build/CMakeFiles/CheckLibraryExists/CheckFunctionExists.cxx
Linking CXX executable cmTC_45dcb
/usr/bin/cmake -E cmake_link_script CMakeFiles/cmTC_45dcb.dir/link.txt --verbose=1
/usr/bin/c++   -DCHECK_FUNCTION_EXISTS=pthread_create    CMakeFiles/cmTC_45dcb.dir/CheckFunctionExists.cxx.o  -o cmTC_45dcb -lpthreads 
/usr/bin/ld: cannot find -lpthreads
collect2: error: ld returned 1 exit status
make[1]: *** [CMakeFiles/cmTC_45dcb.dir/build.make:87: cmTC_45dcb] Error 1
make[1]: Leaving directory '/home/chen/Git_repositories/pprbf/src/self_made_innerproduct/build/CMakeFiles/CMakeTmp'
make: *** [Makefile:121: cmTC_45dcb/fast] Error 2


