Determining if the pthread_create exist failed with the following output:
Change Dir: /home/chen/Git_repositories/pprbf/src/self_made_innerproduct_v2.0/build/CMakeFiles/CMakeTmp

Run Build Command:"/usr/bin/make" "cmTC_cdd4d/fast"
/usr/bin/make -f CMakeFiles/cmTC_cdd4d.dir/build.make CMakeFiles/cmTC_cdd4d.dir/build
make[1]: Entering directory '/home/chen/Git_repositories/pprbf/src/self_made_innerproduct_v2.0/build/CMakeFiles/CMakeTmp'
Building CXX object CMakeFiles/cmTC_cdd4d.dir/CheckSymbolExists.cxx.o
/usr/bin/c++     -o CMakeFiles/cmTC_cdd4d.dir/CheckSymbolExists.cxx.o -c /home/chen/Git_repositories/pprbf/src/self_made_innerproduct_v2.0/build/CMakeFiles/CMakeTmp/CheckSymbolExists.cxx
Linking CXX executable cmTC_cdd4d
/usr/bin/cmake -E cmake_link_script CMakeFiles/cmTC_cdd4d.dir/link.txt --verbose=1
/usr/bin/c++       CMakeFiles/cmTC_cdd4d.dir/CheckSymbolExists.cxx.o  -o cmTC_cdd4d 
/usr/bin/ld: CMakeFiles/cmTC_cdd4d.dir/CheckSymbolExists.cxx.o: in function `main':
CheckSymbolExists.cxx:(.text+0x1b): undefined reference to `pthread_create'
collect2: error: ld returned 1 exit status
make[1]: *** [CMakeFiles/cmTC_cdd4d.dir/build.make:87: cmTC_cdd4d] Error 1
make[1]: Leaving directory '/home/chen/Git_repositories/pprbf/src/self_made_innerproduct_v2.0/build/CMakeFiles/CMakeTmp'
make: *** [Makefile:121: cmTC_cdd4d/fast] Error 2

File /home/chen/Git_repositories/pprbf/src/self_made_innerproduct_v2.0/build/CMakeFiles/CMakeTmp/CheckSymbolExists.cxx:
/* */
#include <pthread.h>

int main(int argc, char** argv)
{
  (void)argv;
#ifndef pthread_create
  return ((int*)(&pthread_create))[argc];
#else
  (void)argc;
  return 0;
#endif
}

Determining if the function pthread_create exists in the pthreads failed with the following output:
Change Dir: /home/chen/Git_repositories/pprbf/src/self_made_innerproduct_v2.0/build/CMakeFiles/CMakeTmp

Run Build Command:"/usr/bin/make" "cmTC_df6c6/fast"
/usr/bin/make -f CMakeFiles/cmTC_df6c6.dir/build.make CMakeFiles/cmTC_df6c6.dir/build
make[1]: Entering directory '/home/chen/Git_repositories/pprbf/src/self_made_innerproduct_v2.0/build/CMakeFiles/CMakeTmp'
Building CXX object CMakeFiles/cmTC_df6c6.dir/CheckFunctionExists.cxx.o
/usr/bin/c++    -DCHECK_FUNCTION_EXISTS=pthread_create   -o CMakeFiles/cmTC_df6c6.dir/CheckFunctionExists.cxx.o -c /home/chen/Git_repositories/pprbf/src/self_made_innerproduct_v2.0/build/CMakeFiles/CheckLibraryExists/CheckFunctionExists.cxx
Linking CXX executable cmTC_df6c6
/usr/bin/cmake -E cmake_link_script CMakeFiles/cmTC_df6c6.dir/link.txt --verbose=1
/usr/bin/c++   -DCHECK_FUNCTION_EXISTS=pthread_create    CMakeFiles/cmTC_df6c6.dir/CheckFunctionExists.cxx.o  -o cmTC_df6c6 -lpthreads 
/usr/bin/ld: cannot find -lpthreads
collect2: error: ld returned 1 exit status
make[1]: *** [CMakeFiles/cmTC_df6c6.dir/build.make:87: cmTC_df6c6] Error 1
make[1]: Leaving directory '/home/chen/Git_repositories/pprbf/src/self_made_innerproduct_v2.0/build/CMakeFiles/CMakeTmp'
make: *** [Makefile:121: cmTC_df6c6/fast] Error 2


